#
# A fatal error has been detected by the Java Runtime Environment:
#
#  SIGSEGV (0xb) at pc=0x000000011008ada8, pid=7055, tid=0x0000000000002903
#
# JRE version: Java(TM) SE Runtime Environment (8.0_201-b09) (build 1.8.0_201-b09)
# Java VM: Java HotSpot(TM) 64-Bit Server VM (25.201-b09 mixed mode bsd-amd64 compressed oops)
# Problematic frame:
# V  [libjvm.dylib+0x28ada8]
#
# Failed to write core dump. Core dumps have been disabled. To enable core dumping, try "ulimit -c unlimited" before starting Java again
#
# If you would like to submit a bug report, please visit:
#   http://bugreport.java.com/bugreport/crash.jsp
#

---------------  T H R E A D  ---------------

Current thread (0x00007fc7dd808000):  GCTaskThread [stack: 0x00007000044fe000,0x00007000045fe000] [id=10499]

siginfo: si_signo: 11 (SIGSEGV), si_code: 0 (unknown), si_addr: 0x0000000000000000

Registers:
RAX=0x00007fc7dbe12940, RBX=0x00007000045fd218, RCX=0xffffffffffffb8bd, RDX=0x0000000000000000
RSP=0x00007000045fd020, RBP=0x00007000045fd030, RSI=0x00000000ffffb8bd, RDI=0x00007000045fd218
R8 =0x1ffffffffffff710, R9 =0x00007fc7dbf28d40, R10=0x00000000ff000000, R11=0x0000000000000a00
R12=0x00000000000000a7, R13=0x00000000000000a3, R14=0x00000000000000a3, R15=0x00007000045fd0a0
RIP=0x000000011008ada8, EFLAGS=0x0000000000010a02, ERR=0x0000000000000000
  TRAPNO=0x000000000000000d

Top of Stack: (sp=0x00007000045fd020)
0x00007000045fd020:   00007000045fd218 00007000045fd218
0x00007000045fd030:   00007000045fd090 000000011008b15b
0x00007000045fd040:   0000000111b120b0 0000000000000000
0x00007000045fd050:   000000011008ad8a 00007000045fd0a0
0x00007000045fd060:   00007000045fd090 00007000045fd218
0x00007000045fd070:   00000000000000a7 00000000000000a3
0x00007000045fd080:   0000000111b12001 00007000045fd0a0
0x00007000045fd090:   00007000045fd120 000000011008be7b
0x00007000045fd0a0:   00007000045fd230 0000000111b120b0
0x00007000045fd0b0:   00007fc7dd808000 000000a6000000a3
0x00007000045fd0c0:   000000a700000241 000000a711b10000
0x00007000045fd0d0:   0000000000000000 0000024100000000
0x00007000045fd0e0:   0000000111b120b0 00007fc7dd808000
0x00007000045fd0f0:   0000000111b120b0 00007fc7dd808000
0x00007000045fd100:   0000000111b120b0 0000000111b120b0
0x00007000045fd110:   00007000045fd218 0000000111b120b0
0x00007000045fd120:   00007000045fd1b0 000000011008c0d3
0x00007000045fd130:   00007000045f0000 0000000000000000
0x00007000045fd140:   00007000045fd298 0000000000000000
0x00007000045fd150:   0000000111b106a0 00007fc7dd800100
0x00007000045fd160:   0000000000000000 000000b00000000f
0x00007000045fd170:   000000b010080000 0000000111b106a0
0x00007000045fd180:   0000000111b120b0 00007fc7dd808000
0x00007000045fd190:   0000000111b120b0 00007000045fd218
0x00007000045fd1a0:   00007fc7dd808000 00007fc7dbf28d40
0x00007000045fd1b0:   00007000045fd200 0000000110286331
0x00007000045fd1c0:   00007fc7dbe12860 00007fc7dbe12890
0x00007000045fd1d0:   00007fc7dbe128a0 00007fc7dbe12c78
0x00007000045fd1e0:   00000000000003d8 0000000000000098
0x00007000045fd1f0:   00007000045fd3a8 00007fc7dbf28d40
0x00007000045fd200:   00007000045fd390 000000011028653a
0x00007000045fd210:   000000010f465a00 00000001106df250 

Instructions: (pc=0x000000011008ada8)
0x000000011008ad88:   c3 90 55 48 89 e5 53 48 83 ec 08 48 8b 87 90 00
0x000000011008ad98:   00 00 48 63 ce 49 89 c8 49 83 e0 c0 49 c1 e8 03
0x000000011008ada8:   4a 8b 04 00 48 0f a3 f0 72 17 48 89 fb 48 8d 7b
0x000000011008adb8:   70 ba 01 00 00 00 48 89 ce e8 48 be e4 ff ff 43 

Register to memory mapping:

RAX=0x00007fc7dbe12940 is an unknown value
RBX=0x00007000045fd218 is an unknown value
RCX=0xffffffffffffb8bd is an unknown value
RDX=0x0000000000000000 is an unknown value
RSP=0x00007000045fd020 is an unknown value
RBP=0x00007000045fd030 is an unknown value
RSI=0x00000000ffffb8bd is an unknown value
RDI=0x00007000045fd218 is an unknown value
R8 =0x1ffffffffffff710 is an unknown value
R9 =0x00007fc7dbf28d40 is an unknown value
R10=0x00000000ff000000 is an unknown value
R11=0x0000000000000a00 is an unknown value
R12=0x00000000000000a7 is an unknown value
R13=0x00000000000000a3 is an unknown value
R14=0x00000000000000a3 is an unknown value
R15=0x00007000045fd0a0 is an unknown value


Stack: [0x00007000044fe000,0x00007000045fe000],  sp=0x00007000045fd020,  free space=1020k
Native frames: (J=compiled Java code, j=interpreted, Vv=VM code, C=native code)
V  [libjvm.dylib+0x28ada8]
V  [libjvm.dylib+0x28b15b]
V  [libjvm.dylib+0x28be7b]
V  [libjvm.dylib+0x28c0d3]
V  [libjvm.dylib+0x486331]
V  [libjvm.dylib+0x48653a]
V  [libjvm.dylib+0x48671b]
V  [libjvm.dylib+0x4869d2]
V  [libjvm.dylib+0x2c3a00]
V  [libjvm.dylib+0x45405d]
V  [libjvm.dylib+0x24cec4]
V  [libjvm.dylib+0x571910]
V  [libjvm.dylib+0x4cf6fc]
V  [libjvm.dylib+0x279377]
V  [libjvm.dylib+0x48f3ca]
C  [libsystem_pthread.dylib+0x393b]  _pthread_body+0xb4
C  [libsystem_pthread.dylib+0x3887]  _pthread_body+0x0
C  [libsystem_pthread.dylib+0x308d]  thread_start+0xd

JavaThread 0x00007fc7dc008000 (nid = 7171) was being processed
Java frames: (J=compiled Java code, j=interpreted, Vv=VM code)
j  java.io.FileInputStream.readBytes([BII)I+0
j  java.io.FileInputStream.read([BII)I+4
j  java.io.BufferedInputStream.read1([BII)I+39
j  java.io.BufferedInputStream.read([BII)I+49
j  sun.nio.cs.StreamDecoder.readBytes()I+135
j  sun.nio.cs.StreamDecoder.implRead([CII)I+112
j  sun.nio.cs.StreamDecoder.read([CII)I+180
j  java.io.InputStreamReader.read([CII)I+7
j  java.io.Reader.read(Ljava/nio/CharBuffer;)I+13
j  java.util.Scanner.readInput()V+70
j  java.util.Scanner.findWithinHorizon(Ljava/util/regex/Pattern;I)Ljava/lang/String;+60
j  java.util.Scanner.nextLine()Ljava/lang/String;+24
j  AdventureStory.promptString(Ljava/util/Scanner;Ljava/lang/String;)Ljava/lang/String;+4
j  AdventureStory.main([Ljava/lang/String;)V+152
v  ~StubRoutines::call_stub

---------------  P R O C E S S  ---------------

Java Threads: ( => current thread )
  0x00007fc7dd84e800 JavaThread "Service Thread" daemon [_thread_blocked, id=19971, stack(0x0000700005122000,0x0000700005222000)]
  0x00007fc7dd86c800 JavaThread "C1 CompilerThread2" daemon [_thread_blocked, id=19459, stack(0x000070000501f000,0x000070000511f000)]
  0x00007fc7dd868000 JavaThread "C2 CompilerThread1" daemon [_thread_blocked, id=18947, stack(0x0000700004f1c000,0x000070000501c000)]
  0x00007fc7dc811800 JavaThread "C2 CompilerThread0" daemon [_thread_blocked, id=18435, stack(0x0000700004e19000,0x0000700004f19000)]
  0x00007fc7dc028000 JavaThread "JDWP Command Reader" daemon [_thread_in_native, id=17923, stack(0x0000700004d16000,0x0000700004e16000)]
  0x00007fc7dc027000 JavaThread "JDWP Event Helper Thread" daemon [_thread_blocked, id=17411, stack(0x0000700004c13000,0x0000700004d13000)]
  0x00007fc7dc025800 JavaThread "JDWP Transport Listener: dt_socket" daemon [_thread_blocked, id=16899, stack(0x0000700004b10000,0x0000700004c10000)]
  0x00007fc7dd81c000 JavaThread "Signal Dispatcher" daemon [_thread_blocked, id=16387, stack(0x0000700004a0d000,0x0000700004b0d000)]
  0x00007fc7dd000800 JavaThread "Finalizer" daemon [_thread_blocked, id=12547, stack(0x000070000490a000,0x0000700004a0a000)]
  0x00007fc7dc01e000 JavaThread "Reference Handler" daemon [_thread_blocked, id=12035, stack(0x0000700004807000,0x0000700004907000)]
  0x00007fc7dc008000 JavaThread "main" [_thread_in_native, id=7171, stack(0x00007000041f5000,0x00007000042f5000)]

Other Threads:
  0x00007fc7dc82c000 VMThread [stack: 0x0000700004704000,0x0000700004804000] [id=11523]
  0x00007fc7dd800800 WatcherThread [stack: 0x0000700005225000,0x0000700005325000] [id=20483]

=>0x00007fc7dd808000 (exited) GCTaskThread [stack: 0x00007000044fe000,0x00007000045fe000] [id=10499]

VM state:at safepoint (normal execution)

VM Mutex/Monitor currently owned by a thread:  ([mutex/lock_event])
[0x00007fc7dbf042c0] Threads_lock - owner thread: 0x00007fc7dc82c000
[0x00007fc7dbf047c0] Heap_lock - owner thread: 0x00007fc7dc025800

heap address: 0x0000000780000000, size: 1024 MB, Compressed Oops mode: Zero based, Oop shift amount: 3
Narrow klass base: 0x0000000000000000, Narrow klass shift: 3
Compressed class space size: 1073741824 Address: 0x00000007c0000000

Heap:
 PSYoungGen      total 18944K, used 16384K [0x00000007aab00000, 0x00000007ac000000, 0x00000007c0000000)
  eden space 16384K, 100% used [0x00000007aab00000,0x00000007abb00000,0x00000007abb00000)
  from space 2560K, 0% used [0x00000007abd80000,0x00000007abd80000,0x00000007ac000000)
  to   space 2560K, 16% used [0x00000007abb00000,0x00000007abb6c010,0x00000007abd80000)
 ParOldGen       total 44032K, used 8K [0x0000000780000000, 0x0000000782b00000, 0x00000007aab00000)
  object space 44032K, 0% used [0x0000000780000000,0x0000000780002000,0x0000000782b00000)
 Metaspace       used 7355K, capacity 7410K, committed 7680K, reserved 1056768K
  class space    used 617K, capacity 657K, committed 768K, reserved 1048576K

Card table byte_map: [0x0000000111179000,0x000000011137a000] byte_map_base: 0x000000010d579000

Marking Bits: (ParMarkBitMap*) 0x00000001106fbe40
 Begin Bits: [0x0000000121058000, 0x0000000122058000)
 End Bits:   [0x0000000122058000, 0x0000000123058000)

Polling page: 0x000000010f507000

CodeCache: size=245760Kb used=3069Kb max_used=3149Kb free=242690Kb
 bounds [0x0000000112058000, 0x0000000112388000, 0x0000000121058000]
 total_blobs=539 nmethods=248 adapters=213
 compilation: enabled

Compilation events (10 events):
Event: 23709.309 Thread 0x00007fc7dc811800  249       4       org.eclipse.jdt.launching.internal.org.objectweb.asm.MethodWriter::visitFrame (787 bytes)
Event: 23709.481 Thread 0x00007fc7dc811800 nmethod 249 0x0000000112295390 code [0x00000001122958c0, 0x000000011229a930]
Event: 30077.014 Thread 0x00007fc7dd868000  250       4       org.eclipse.jdt.launching.internal.org.objectweb.asm.ByteVector::putInt (74 bytes)
Event: 30077.018 Thread 0x00007fc7dd868000 nmethod 250 0x000000011223cb10 code [0x000000011223cc60, 0x000000011223cdf8]
Event: 30110.487 Thread 0x00007fc7dc811800  252       4       org.eclipse.jdt.launching.internal.org.objectweb.asm.ClassReader::createDebugLabel (23 bytes)
Event: 30110.490 Thread 0x00007fc7dd868000  251       4       org.eclipse.jdt.launching.internal.org.objectweb.asm.ClassReader::readCode (5089 bytes)
Event: 30110.498 Thread 0x00007fc7dc811800 nmethod 252 0x000000011223b5d0 code [0x000000011223b720, 0x000000011223b898]
Event: 30112.957 Thread 0x00007fc7dd868000 nmethod 251 0x0000000112361f10 code [0x0000000112362fa0, 0x0000000112375c88]
Event: 30118.757 Thread 0x00007fc7dd86c800  253       1       java.security.CodeSource::getLocation (5 bytes)
Event: 30118.758 Thread 0x00007fc7dd86c800 nmethod 253 0x000000011221d0d0 code [0x000000011221d220, 0x000000011221d330]

GC Heap History (1 events):
Event: 30161.229 GC heap before
{Heap before GC invocations=1 (full 0):
 PSYoungGen      total 18944K, used 16384K [0x00000007aab00000, 0x00000007ac000000, 0x00000007c0000000)
  eden space 16384K, 100% used [0x00000007aab00000,0x00000007abb00000,0x00000007abb00000)
  from space 2560K, 0% used [0x00000007abd80000,0x00000007abd80000,0x00000007ac000000)
  to   space 2560K, 0% used [0x00000007abb00000,0x00000007abb00000,0x00000007abd80000)
 ParOldGen       total 44032K, used 0K [0x0000000780000000, 0x0000000782b00000, 0x00000007aab00000)
  object space 44032K, 0% used [0x0000000780000000,0x0000000780000000,0x0000000782b00000)
 Metaspace       used 7355K, capacity 7410K, committed 7680K, reserved 1056768K
  class space    used 617K, capacity 657K, committed 768K, reserved 1048576K

Deoptimization events (1 events):
Event: 22988.049 Thread 0x00007fc7dc025800 Uncommon trap: reason=unstable_if action=reinterpret pc=0x0000000112313bcc method=org.eclipse.jdt.launching.internal.org.objectweb.asm.ClassReader.readCode(Lorg/eclipse/jdt/launching/internal/org/objectweb/asm/MethodVisitor;Lorg/eclipse/jdt/launching/inte

Classes redefined (10 events):
Event: 23709.317 Thread 0x00007fc7dc82c000 redefined class name=AdventureStory, count=58
Event: 24286.846 Thread 0x00007fc7dc82c000 redefined class name=AdventureStory, count=59
Event: 26383.262 Thread 0x00007fc7dc82c000 redefined class name=AdventureStory, count=60
Event: 26742.652 Thread 0x00007fc7dc82c000 redefined class name=AdventureStory, count=61
Event: 28554.114 Thread 0x00007fc7dc82c000 redefined class name=AdventureStory, count=62
Event: 29742.148 Thread 0x00007fc7dc82c000 redefined class name=AdventureStory, count=63
Event: 29774.299 Thread 0x00007fc7dc82c000 redefined class name=AdventureStory, count=64
Event: 30077.056 Thread 0x00007fc7dc82c000 redefined class name=AdventureStory, count=65
Event: 30110.498 Thread 0x00007fc7dc82c000 redefined class name=AdventureStory, count=66
Event: 30118.765 Thread 0x00007fc7dc82c000 redefined class name=AdventureStory, count=67

Internal exceptions (6 events):
Event: 0.044 Thread 0x00007fc7dc008000 Exception <a 'java/lang/NoSuchMethodError': Method sun.misc.Unsafe.defineClass(Ljava/lang/String;[BII)Ljava/lang/Class; name or signature does not match> (0x00000007aab07cb0) thrown at [/Users/java_re/workspace/8-2-build-macosx-x86_64/jdk8u201/12322/hotsp
Event: 0.045 Thread 0x00007fc7dc008000 Exception <a 'java/lang/NoSuchMethodError': Method sun.misc.Unsafe.prefetchRead(Ljava/lang/Object;J)V name or signature does not match> (0x00000007aab07f98) thrown at [/Users/java_re/workspace/8-2-build-macosx-x86_64/jdk8u201/12322/hotspot/src/share/vm/pr
Event: 0.576 Thread 0x00007fc7dc008000 Exception <a 'java/security/PrivilegedActionException'> (0x00000007ab08f738) thrown at [/Users/java_re/workspace/8-2-build-macosx-x86_64/jdk8u201/12322/hotspot/src/share/vm/prims/jvm.cpp, line 1502]
Event: 0.576 Thread 0x00007fc7dc008000 Exception <a 'java/security/PrivilegedActionException'> (0x00000007ab08fb30) thrown at [/Users/java_re/workspace/8-2-build-macosx-x86_64/jdk8u201/12322/hotspot/src/share/vm/prims/jvm.cpp, line 1502]
Event: 0.576 Thread 0x00007fc7dc008000 Exception <a 'java/security/PrivilegedActionException'> (0x00000007ab093048) thrown at [/Users/java_re/workspace/8-2-build-macosx-x86_64/jdk8u201/12322/hotspot/src/share/vm/prims/jvm.cpp, line 1502]
Event: 0.576 Thread 0x00007fc7dc008000 Exception <a 'java/security/PrivilegedActionException'> (0x00000007ab093440) thrown at [/Users/java_re/workspace/8-2-build-macosx-x86_64/jdk8u201/12322/hotspot/src/share/vm/prims/jvm.cpp, line 1502]

Events (10 events):
Event: 30077.033 loading class java/util/NoSuchElementException done
Event: 30077.042 Executing VM operation: RedefineClasses
Event: 30077.056 Executing VM operation: RedefineClasses done
Event: 30110.472 Thread 0x00007fc7dc025800 DEOPT PACKING pc=0x0000000112342acf sp=0x0000700004c0dc10
Event: 30110.472 Thread 0x00007fc7dc025800 DEOPT UNPACKING pc=0x000000011209f784 sp=0x0000700004c0dc38 mode 0
Event: 30110.490 Executing VM operation: RedefineClasses
Event: 30110.498 Executing VM operation: RedefineClasses done
Event: 30118.761 Executing VM operation: RedefineClasses
Event: 30118.766 Executing VM operation: RedefineClasses done
Event: 30161.209 Executing VM operation: ParallelGCFailedAllocation


Dynamic libraries:
0x00007fffa8b25000 	/System/Library/Frameworks/Cocoa.framework/Versions/A/Cocoa
0x00007fffaf3c9000 	/System/Library/Frameworks/Security.framework/Versions/A/Security
0x00007fffa79de000 	/System/Library/Frameworks/ApplicationServices.framework/Versions/A/ApplicationServices
0x00007fffbe838000 	/usr/lib/libz.1.dylib
0x00007fffbd337000 	/usr/lib/libSystem.B.dylib
0x00007fffbdfe5000 	/usr/lib/libobjc.A.dylib
0x00007fffa90bb000 	/System/Library/Frameworks/CoreFoundation.framework/Versions/A/CoreFoundation
0x00007fffaab33000 	/System/Library/Frameworks/Foundation.framework/Versions/C/Foundation
0x00007fffa6bf3000 	/System/Library/Frameworks/AppKit.framework/Versions/C/AppKit
0x00007fffa8d11000 	/System/Library/Frameworks/CoreData.framework/Versions/A/CoreData
0x00007fffb9dbc000 	/System/Library/PrivateFrameworks/RemoteViewServices.framework/Versions/A/RemoteViewServices
0x00007fffbbda7000 	/System/Library/PrivateFrameworks/UIFoundation.framework/Versions/A/UIFoundation
0x00007fffb5149000 	/System/Library/PrivateFrameworks/DFRFoundation.framework/Versions/A/DFRFoundation
0x00007fffbd928000 	/usr/lib/libenergytrace.dylib
0x00007fffbabe9000 	/System/Library/PrivateFrameworks/SkyLight.framework/Versions/A/SkyLight
0x00007fffa9555000 	/System/Library/Frameworks/CoreGraphics.framework/Versions/A/CoreGraphics
0x00007fffbd332000 	/usr/lib/libScreenReader.dylib
0x00007fffa5c15000 	/System/Library/Frameworks/Accelerate.framework/Versions/A/Accelerate
0x00007fffab131000 	/System/Library/Frameworks/IOSurface.framework/Versions/A/IOSurface
0x00007fffa7f01000 	/System/Library/Frameworks/AudioToolbox.framework/Versions/A/AudioToolbox
0x00007fffa810e000 	/System/Library/Frameworks/AudioUnit.framework/Versions/A/AudioUnit
0x00007fffb518e000 	/System/Library/PrivateFrameworks/DataDetectorsCore.framework/Versions/A/DataDetectorsCore
0x00007fffb527f000 	/System/Library/PrivateFrameworks/DesktopServicesPriv.framework/Versions/A/DesktopServicesPriv
0x00007fffa8672000 	/System/Library/Frameworks/Carbon.framework/Versions/A/Frameworks/HIToolbox.framework/Versions/A/HIToolbox
0x00007fffbda31000 	/usr/lib/libicucore.A.dylib
0x00007fffaec60000 	/System/Library/Frameworks/QuartzCore.framework/Versions/A/QuartzCore
0x00007fffa8a3e000 	/System/Library/Frameworks/Carbon.framework/Versions/A/Frameworks/SpeechRecognition.framework/Versions/A/SpeechRecognition
0x00007fffbd450000 	/usr/lib/libauto.dylib
0x00007fffbe71e000 	/usr/lib/libxml2.2.dylib
0x00007fffb4e03000 	/System/Library/PrivateFrameworks/CoreUI.framework/Versions/A/CoreUI
0x00007fffa8c6f000 	/System/Library/Frameworks/CoreAudio.framework/Versions/A/CoreAudio
0x00007fffaa99c000 	/System/Library/Frameworks/DiskArbitration.framework/Versions/A/DiskArbitration
0x00007fffbdc5c000 	/usr/lib/liblangid.dylib
0x00007fffb8ca3000 	/System/Library/PrivateFrameworks/MultitouchSupport.framework/Versions/A/MultitouchSupport
0x00007fffab09a000 	/System/Library/Frameworks/IOKit.framework/Versions/A/IOKit
0x00007fffbd0f8000 	/usr/lib/libDiagnosticMessagesClient.dylib
0x00007fffa9f80000 	/System/Library/Frameworks/CoreServices.framework/Versions/A/CoreServices
0x00007fffb9660000 	/System/Library/PrivateFrameworks/PerformanceAnalysis.framework/Versions/A/PerformanceAnalysis
0x00007fffb70d1000 	/System/Library/PrivateFrameworks/GenerationalStorage.framework/Versions/A/GenerationalStorage
0x00007fffae100000 	/System/Library/Frameworks/OpenGL.framework/Versions/A/OpenGL
0x00007fffa9bd8000 	/System/Library/Frameworks/CoreImage.framework/Versions/A/CoreImage
0x00007fffaa6a9000 	/System/Library/Frameworks/CoreText.framework/Versions/A/CoreText
0x00007fffab18a000 	/System/Library/Frameworks/ImageIO.framework/Versions/A/ImageIO
0x00007fffb29c0000 	/System/Library/PrivateFrameworks/Backup.framework/Versions/A/Backup
0x00007fffbd3a4000 	/usr/lib/libarchive.2.dylib
0x00007fffa8277000 	/System/Library/Frameworks/CFNetwork.framework/Versions/A/CFNetwork
0x00007fffafaf6000 	/System/Library/Frameworks/SystemConfiguration.framework/Versions/A/SystemConfiguration
0x00007fffbd03f000 	/usr/lib/libCRFSuite.dylib
0x00007fffbd471000 	/usr/lib/libc++.1.dylib
0x00007fffbd4c8000 	/usr/lib/libc++abi.dylib
0x00007fffbe858000 	/usr/lib/system/libcache.dylib
0x00007fffbe85d000 	/usr/lib/system/libcommonCrypto.dylib
0x00007fffbe868000 	/usr/lib/system/libcompiler_rt.dylib
0x00007fffbe870000 	/usr/lib/system/libcopyfile.dylib
0x00007fffbe879000 	/usr/lib/system/libcorecrypto.dylib
0x00007fffbe8fd000 	/usr/lib/system/libdispatch.dylib
0x00007fffbe92f000 	/usr/lib/system/libdyld.dylib
0x00007fffbe935000 	/usr/lib/system/libkeymgr.dylib
0x00007fffbe943000 	/usr/lib/system/liblaunch.dylib
0x00007fffbe944000 	/usr/lib/system/libmacho.dylib
0x00007fffbe94a000 	/usr/lib/system/libquarantine.dylib
0x00007fffbe94d000 	/usr/lib/system/libremovefile.dylib
0x00007fffbe94f000 	/usr/lib/system/libsystem_asl.dylib
0x00007fffbe968000 	/usr/lib/system/libsystem_blocks.dylib
0x00007fffbe969000 	/usr/lib/system/libsystem_c.dylib
0x00007fffbe9f7000 	/usr/lib/system/libsystem_configuration.dylib
0x00007fffbe9fb000 	/usr/lib/system/libsystem_coreservices.dylib
0x00007fffbe9ff000 	/usr/lib/system/libsystem_coretls.dylib
0x00007fffbea18000 	/usr/lib/system/libsystem_dnssd.dylib
0x00007fffbea1f000 	/usr/lib/system/libsystem_info.dylib
0x00007fffbea49000 	/usr/lib/system/libsystem_kernel.dylib
0x00007fffbea6c000 	/usr/lib/system/libsystem_m.dylib
0x00007fffbeab4000 	/usr/lib/system/libsystem_malloc.dylib
0x00007fffbead3000 	/usr/lib/system/libsystem_network.dylib
0x00007fffbeb2d000 	/usr/lib/system/libsystem_networkextension.dylib
0x00007fffbeb37000 	/usr/lib/system/libsystem_notify.dylib
0x00007fffbeb41000 	/usr/lib/system/libsystem_platform.dylib
0x00007fffbeb4a000 	/usr/lib/system/libsystem_pthread.dylib
0x00007fffbeb55000 	/usr/lib/system/libsystem_sandbox.dylib
0x00007fffbeb59000 	/usr/lib/system/libsystem_secinit.dylib
0x00007fffbeb5b000 	/usr/lib/system/libsystem_symptoms.dylib
0x00007fffbeb63000 	/usr/lib/system/libsystem_trace.dylib
0x00007fffbeb77000 	/usr/lib/system/libunwind.dylib
0x00007fffbeb7d000 	/usr/lib/system/libxpc.dylib
0x00007fffbd451000 	/usr/lib/libbsm.0.dylib
0x00007fffbe936000 	/usr/lib/system/libkxld.dylib
0x00007fffbd51a000 	/usr/lib/libcoretls.dylib
0x00007fffbd51b000 	/usr/lib/libcoretls_cfhelpers.dylib
0x00007fffbd331000 	/usr/lib/libOpenScriptingUtil.dylib
0x00007fffbe3ba000 	/usr/lib/libpam.2.dylib
0x00007fffbe479000 	/usr/lib/libsqlite3.dylib
0x00007fffbe710000 	/usr/lib/libxar.1.dylib
0x00007fffbd462000 	/usr/lib/libbz2.1.0.dylib
0x00007fffbdc5e000 	/usr/lib/liblzma.5.dylib
0x00007fffbdf6a000 	/usr/lib/libnetwork.dylib
0x00007fffbe3bf000 	/usr/lib/libpcap.A.dylib
0x00007fffaa2e3000 	/System/Library/Frameworks/CoreServices.framework/Versions/A/Frameworks/FSEvents.framework/Versions/A/FSEvents
0x00007fffa9fd3000 	/System/Library/Frameworks/CoreServices.framework/Versions/A/Frameworks/CarbonCore.framework/Versions/A/CarbonCore
0x00007fffaa459000 	/System/Library/Frameworks/CoreServices.framework/Versions/A/Frameworks/Metadata.framework/Versions/A/Metadata
0x00007fffaa50a000 	/System/Library/Frameworks/CoreServices.framework/Versions/A/Frameworks/OSServices.framework/Versions/A/OSServices
0x00007fffaa56a000 	/System/Library/Frameworks/CoreServices.framework/Versions/A/Frameworks/SearchKit.framework/Versions/A/SearchKit
0x00007fffa9f81000 	/System/Library/Frameworks/CoreServices.framework/Versions/A/Frameworks/AE.framework/Versions/A/AE
0x00007fffaa2ec000 	/System/Library/Frameworks/CoreServices.framework/Versions/A/Frameworks/LaunchServices.framework/Versions/A/LaunchServices
0x00007fffaa2af000 	/System/Library/Frameworks/CoreServices.framework/Versions/A/Frameworks/DictionaryServices.framework/Versions/A/DictionaryServices
0x00007fffaa5db000 	/System/Library/Frameworks/CoreServices.framework/Versions/A/Frameworks/SharedFileList.framework/Versions/A/SharedFileList
0x00007fffad324000 	/System/Library/Frameworks/NetFS.framework/Versions/A/NetFS
0x00007fffb8d7d000 	/System/Library/PrivateFrameworks/NetAuth.framework/Versions/A/NetAuth
0x00007fffbcfe8000 	/System/Library/PrivateFrameworks/login.framework/Versions/A/Frameworks/loginsupport.framework/Versions/A/loginsupport
0x00007fffbbbd9000 	/System/Library/PrivateFrameworks/TCC.framework/Versions/A/TCC
0x00007fffbdc8f000 	/usr/lib/libmecabra.dylib
0x00007fffa79df000 	/System/Library/Frameworks/ApplicationServices.framework/Versions/A/Frameworks/ATS.framework/Versions/A/ATS
0x00007fffa7d5e000 	/System/Library/Frameworks/ApplicationServices.framework/Versions/A/Frameworks/ColorSync.framework/Versions/A/ColorSync
0x00007fffa7e09000 	/System/Library/Frameworks/ApplicationServices.framework/Versions/A/Frameworks/HIServices.framework/Versions/A/HIServices
0x00007fffa7e5b000 	/System/Library/Frameworks/ApplicationServices.framework/Versions/A/Frameworks/LangAnalysis.framework/Versions/A/LangAnalysis
0x00007fffa7e6b000 	/System/Library/Frameworks/ApplicationServices.framework/Versions/A/Frameworks/PrintCore.framework/Versions/A/PrintCore
0x00007fffa7eb9000 	/System/Library/Frameworks/ApplicationServices.framework/Versions/A/Frameworks/QD.framework/Versions/A/QD
0x00007fffa7ef5000 	/System/Library/Frameworks/ApplicationServices.framework/Versions/A/Frameworks/SpeechSynthesis.framework/Versions/A/SpeechSynthesis
0x00007fffa5c2e000 	/System/Library/Frameworks/Accelerate.framework/Versions/A/Frameworks/vImage.framework/Versions/A/vImage
0x00007fffa6934000 	/System/Library/Frameworks/Accelerate.framework/Versions/A/Frameworks/vecLib.framework/Versions/A/vecLib
0x00007fffa66f9000 	/System/Library/Frameworks/Accelerate.framework/Versions/A/Frameworks/vecLib.framework/Versions/A/libvDSP.dylib
0x00007fffa62ba000 	/System/Library/Frameworks/Accelerate.framework/Versions/A/Frameworks/vecLib.framework/Versions/A/libBNNS.dylib
0x00007fffa66dd000 	/System/Library/Frameworks/Accelerate.framework/Versions/A/Frameworks/vecLib.framework/Versions/A/libQuadrature.dylib
0x00007fffa6881000 	/System/Library/Frameworks/Accelerate.framework/Versions/A/Frameworks/vecLib.framework/Versions/A/libvMisc.dylib
0x00007fffa62cf000 	/System/Library/Frameworks/Accelerate.framework/Versions/A/Frameworks/vecLib.framework/Versions/A/libLAPACK.dylib
0x00007fffa6148000 	/System/Library/Frameworks/Accelerate.framework/Versions/A/Frameworks/vecLib.framework/Versions/A/libBLAS.dylib
0x00007fffa66c6000 	/System/Library/Frameworks/Accelerate.framework/Versions/A/Frameworks/vecLib.framework/Versions/A/libLinearAlgebra.dylib
0x00007fffa66e4000 	/System/Library/Frameworks/Accelerate.framework/Versions/A/Frameworks/vecLib.framework/Versions/A/libSparseBLAS.dylib
0x00007fffa7ae7000 	/System/Library/Frameworks/ApplicationServices.framework/Versions/A/Frameworks/ATS.framework/Versions/A/Resources/libFontParser.dylib
0x00007fffa7c17000 	/System/Library/Frameworks/ApplicationServices.framework/Versions/A/Frameworks/ATS.framework/Versions/A/Resources/libFontRegistry.dylib
0x00007fffab3e1000 	/System/Library/Frameworks/ImageIO.framework/Versions/A/Resources/libJPEG.dylib
0x00007fffab430000 	/System/Library/Frameworks/ImageIO.framework/Versions/A/Resources/libTIFF.dylib
0x00007fffab405000 	/System/Library/Frameworks/ImageIO.framework/Versions/A/Resources/libPng.dylib
0x00007fffab2eb000 	/System/Library/Frameworks/ImageIO.framework/Versions/A/Resources/libGIF.dylib
0x00007fffab2f0000 	/System/Library/Frameworks/ImageIO.framework/Versions/A/Resources/libJP2.dylib
0x00007fffab42d000 	/System/Library/Frameworks/ImageIO.framework/Versions/A/Resources/libRadiance.dylib
0x00007fffbd503000 	/usr/lib/libcompression.dylib
0x00007fffb2502000 	/System/Library/PrivateFrameworks/AppleJPEG.framework/Versions/A/AppleJPEG
0x00007fffbd858000 	/usr/lib/libcups.2.dylib
0x00007fffac1e7000 	/System/Library/Frameworks/Kerberos.framework/Versions/A/Kerberos
0x00007fffaaf05000 	/System/Library/Frameworks/GSS.framework/Versions/A/GSS
0x00007fffbe40d000 	/usr/lib/libresolv.9.dylib
0x00007fffbd93e000 	/usr/lib/libiconv.2.dylib
0x00007fffb77fe000 	/System/Library/PrivateFrameworks/Heimdal.framework/Versions/A/Heimdal
0x00007fffbd938000 	/usr/lib/libheimdal-asn1.dylib
0x00007fffad575000 	/System/Library/Frameworks/OpenDirectory.framework/Versions/A/OpenDirectory
0x00007fffb4015000 	/System/Library/PrivateFrameworks/CommonAuth.framework/Versions/A/CommonAuth
0x00007fffad55b000 	/System/Library/Frameworks/OpenDirectory.framework/Versions/A/Frameworks/CFOpenDirectory.framework/Versions/A/CFOpenDirectory
0x00007fffaf6cc000 	/System/Library/Frameworks/SecurityFoundation.framework/Versions/A/SecurityFoundation
0x00007fffb7fb6000 	/System/Library/PrivateFrameworks/LanguageModeling.framework/Versions/A/LanguageModeling
0x00007fffbdc78000 	/usr/lib/libmarisa.dylib
0x00007fffbd05b000 	/usr/lib/libChineseTokenizer.dylib
0x00007fffbd4f2000 	/usr/lib/libcmph.dylib
0x00007fffb4767000 	/System/Library/PrivateFrameworks/CoreEmoji.framework/Versions/A/CoreEmoji
0x00007fffaf76c000 	/System/Library/Frameworks/ServiceManagement.framework/Versions/A/ServiceManagement
0x00007fffbe80e000 	/usr/lib/libxslt.1.dylib
0x00007fffa8986000 	/System/Library/Frameworks/Carbon.framework/Versions/A/Frameworks/Ink.framework/Versions/A/Ink
0x00007fffbbc6b000 	/System/Library/PrivateFrameworks/TextureIO.framework/Versions/A/TextureIO
0x00007fffac9e0000 	/System/Library/Frameworks/Metal.framework/Versions/A/Metal
0x00007fffbd3d0000 	/usr/lib/libate.dylib
0x00007fffb6e00000 	/System/Library/PrivateFrameworks/GPUCompiler.framework/libmetal_timestamp.dylib
0x00007fffad584000 	/System/Library/Frameworks/OpenGL.framework/Versions/A/Libraries/libCoreFSCache.dylib
0x00007fffb7e8f000 	/System/Library/PrivateFrameworks/IOAccelerator.framework/Versions/A/IOAccelerator
0x00007fffaa7f7000 	/System/Library/Frameworks/CoreVideo.framework/Versions/A/CoreVideo
0x00007fffbd0fa000 	/usr/lib/libFosl_dynamic.dylib
0x00007fffb8a8e000 	/System/Library/PrivateFrameworks/MetalPerformanceShaders.framework/Versions/A/MetalPerformanceShaders
0x00007fffb5678000 	/System/Library/PrivateFrameworks/FaceCore.framework/Versions/A/FaceCore
0x00007fffad50c000 	/System/Library/Frameworks/OpenCL.framework/Versions/A/OpenCL
0x00007fffad757000 	/System/Library/Frameworks/OpenGL.framework/Versions/A/Libraries/libGLU.dylib
0x00007fffad58d000 	/System/Library/Frameworks/OpenGL.framework/Versions/A/Libraries/libGFXShared.dylib
0x00007fffad597000 	/System/Library/Frameworks/OpenGL.framework/Versions/A/Libraries/libGL.dylib
0x00007fffad5a3000 	/System/Library/Frameworks/OpenGL.framework/Versions/A/Libraries/libGLImage.dylib
0x00007fffad581000 	/System/Library/Frameworks/OpenGL.framework/Versions/A/Libraries/libCVMSPluginSupport.dylib
0x00007fffad588000 	/System/Library/Frameworks/OpenGL.framework/Versions/A/Libraries/libCoreVMClient.dylib
0x00007fffb50c9000 	/System/Library/PrivateFrameworks/CrashReporterSupport.framework/Versions/A/CrashReporterSupport
0x00007fffbab3b000 	/System/Library/PrivateFrameworks/Sharing.framework/Versions/A/Sharing
0x00007fffb7ead000 	/System/Library/PrivateFrameworks/IconServices.framework/Versions/A/IconServices
0x00007fffb9d89000 	/System/Library/PrivateFrameworks/ProtocolBuffer.framework/Versions/A/ProtocolBuffer
0x00007fffb23e6000 	/System/Library/PrivateFrameworks/Apple80211.framework/Versions/A/Apple80211
0x00007fffaa82d000 	/System/Library/Frameworks/CoreWLAN.framework/Versions/A/CoreWLAN
0x00007fffb4f43000 	/System/Library/PrivateFrameworks/CoreUtils.framework/Versions/A/CoreUtils
0x00007fffaaff6000 	/System/Library/Frameworks/IOBluetooth.framework/Versions/A/IOBluetooth
0x00007fffb5063000 	/System/Library/PrivateFrameworks/CoreWiFi.framework/Versions/A/CoreWiFi
0x00007fffa8cfd000 	/System/Library/Frameworks/CoreBluetooth.framework/Versions/A/CoreBluetooth
0x00007fffa900d000 	/System/Library/Frameworks/CoreDisplay.framework/Versions/A/CoreDisplay
0x00007fffb7e98000 	/System/Library/PrivateFrameworks/IOPresentment.framework/Versions/A/IOPresentment
0x00007fffb5154000 	/System/Library/PrivateFrameworks/DSExternalDisplay.framework/Versions/A/DSExternalDisplay
0x00007fffb523f000 	/System/Library/PrivateFrameworks/DebugSymbols.framework/Versions/A/DebugSymbols
0x00007fffb4d73000 	/System/Library/PrivateFrameworks/CoreSymbolication.framework/Versions/A/CoreSymbolication
0x00007fffbb726000 	/System/Library/PrivateFrameworks/Symbolication.framework/Versions/A/Symbolication
0x00007fffb2409000 	/System/Library/PrivateFrameworks/AppleFSCompression.framework/Versions/A/AppleFSCompression
0x00007fffbb02e000 	/System/Library/PrivateFrameworks/SpeechRecognitionCore.framework/Versions/A/SpeechRecognitionCore
0x00007fffb36c9000 	/System/Library/PrivateFrameworks/ChunkingLibrary.framework/Versions/A/ChunkingLibrary
0x000000010fe00000 	/Library/Java/JavaVirtualMachines/jdk1.8.0_201.jdk/Contents/Home/jre/lib/server/libjvm.dylib
0x00007fffbe677000 	/usr/lib/libstdc++.6.dylib
0x000000010f4c3000 	/Library/Java/JavaVirtualMachines/jdk1.8.0_201.jdk/Contents/Home/jre/lib/libverify.dylib
0x000000010f4d1000 	/Library/Java/JavaVirtualMachines/jdk1.8.0_201.jdk/Contents/Home/jre/lib/libjava.dylib
0x000000010f508000 	/Library/Java/JavaVirtualMachines/jdk1.8.0_201.jdk/Contents/Home/jre/lib/libjdwp.dylib
0x000000010f553000 	/Library/Java/JavaVirtualMachines/jdk1.8.0_201.jdk/Contents/Home/jre/lib/libnpt.dylib
0x000000010f557000 	/Library/Java/JavaVirtualMachines/jdk1.8.0_201.jdk/Contents/Home/jre/lib/libinstrument.dylib
0x000000010f5b5000 	/Library/Java/JavaVirtualMachines/jdk1.8.0_201.jdk/Contents/Home/jre/lib/libzip.dylib
0x0000000111fc1000 	/Library/Java/JavaVirtualMachines/jdk1.8.0_201.jdk/Contents/Home/jre/lib/libdt_socket.dylib

VM Arguments:
jvm_args: -agentlib:jdwp=transport=dt_socket,suspend=y,address=localhost:53738 -javaagent:/Applications/Eclipse.app/Contents/Eclipse/configuration/org.eclipse.osgi/215/0/.cp/lib/javaagent-shaded.jar -Dfile.encoding=UTF-8 
java_command: AdventureStory
java_class_path (initial): /Users/manjitmann/Desktop/gg/AdventureStory/bin:/Applications/Eclipse.app/Contents/Eclipse/configuration/org.eclipse.osgi/215/0/.cp/lib/javaagent-shaded.jar
Launcher Type: SUN_STANDARD

Environment Variables:
PATH=/usr/bin:/bin:/usr/sbin:/sbin
SHELL=/bin/bash

Signal Handlers:
SIGSEGV: [libjvm.dylib+0x5b723d], sa_mask[0]=11111111011111110111111111111111, sa_flags=SA_ONSTACK|SA_RESTART|SA_SIGINFO
SIGBUS: [libjvm.dylib+0x5b723d], sa_mask[0]=11111111011111110111111111111111, sa_flags=SA_RESTART|SA_SIGINFO
SIGFPE: [libjvm.dylib+0x48c9bc], sa_mask[0]=11111111011111110111111111111111, sa_flags=SA_RESTART|SA_SIGINFO
SIGPIPE: [libjvm.dylib+0x48c9bc], sa_mask[0]=11111111011111110111111111111111, sa_flags=SA_RESTART|SA_SIGINFO
SIGXFSZ: [libjvm.dylib+0x48c9bc], sa_mask[0]=11111111011111110111111111111111, sa_flags=SA_RESTART|SA_SIGINFO
SIGILL: [libjvm.dylib+0x48c9bc], sa_mask[0]=11111111011111110111111111111111, sa_flags=SA_RESTART|SA_SIGINFO
SIGUSR1: SIG_DFL, sa_mask[0]=00000000000000000000000000000000, sa_flags=none
SIGUSR2: [libjvm.dylib+0x48c4da], sa_mask[0]=00100000000000000000000000000000, sa_flags=SA_RESTART|SA_SIGINFO
SIGHUP: [libjvm.dylib+0x48aa65], sa_mask[0]=11111111011111110111111111111111, sa_flags=SA_RESTART|SA_SIGINFO
SIGINT: [libjvm.dylib+0x48aa65], sa_mask[0]=11111111011111110111111111111111, sa_flags=SA_RESTART|SA_SIGINFO
SIGTERM: [libjvm.dylib+0x48aa65], sa_mask[0]=11111111011111110111111111111111, sa_flags=SA_RESTART|SA_SIGINFO
SIGQUIT: [libjvm.dylib+0x48aa65], sa_mask[0]=11111111011111110111111111111111, sa_flags=SA_RESTART|SA_SIGINFO


---------------  S Y S T E M  ---------------

OS:Bsduname:Darwin 16.7.0 Darwin Kernel Version 16.7.0: Mon Nov 13 21:56:25 PST 2017; root:xnu-3789.72.11~1/RELEASE_X86_64 x86_64
rlimit: STACK 8192k, CORE 0k, NPROC 709, NOFILE 10240, AS infinity
load average:1.86 2.03 2.44

CPU:total 4 (initial active 4) (2 cores per cpu, 2 threads per core) family 6 model 69 stepping 1, cmov, cx8, fxsr, mmx, sse, sse2, sse3, ssse3, sse4.1, sse4.2, popcnt, avx, avx2, aes, clmul, erms, lzcnt, ht, tsc, tscinvbit, bmi1, bmi2

Memory: 4k page, physical 4194304k(37180k free)

/proc/meminfo:


vm_info: Java HotSpot(TM) 64-Bit Server VM (25.201-b09) for bsd-amd64 JRE (1.8.0_201-b09), built on Dec 15 2018 18:35:23 by "java_re" with gcc 4.2.1 (Based on Apple Inc. build 5658) (LLVM build 2336.11.00)

time: Thu Apr 25 12:49:24 2019
timezone: CDT
elapsed time: 30161 seconds (0d 8h 22m 41s)

