#
# A fatal error has been detected by the Java Runtime Environment:
#
#  SIGSEGV (0xb) at pc=0x000000010f28ada8, pid=7649, tid=0x0000000000002903
#
# JRE version: Java(TM) SE Runtime Environment (8.0_201-b09) (build 1.8.0_201-b09)
# Java VM: Java HotSpot(TM) 64-Bit Server VM (25.201-b09 mixed mode bsd-amd64 compressed oops)
# Problematic frame:
# V  [libjvm.dylib+0x28ada8]
#
# Failed to write core dump. Core dumps have been disabled. To enable core dumping, try "ulimit -c unlimited" before starting Java again
#
# If you would like to submit a bug report, please visit:
#   http://bugreport.java.com/bugreport/crash.jsp
#

---------------  T H R E A D  ---------------

Current thread (0x00007f854080a000):  GCTaskThread [stack: 0x0000700007f51000,0x0000700008051000] [id=10499]

siginfo: si_signo: 11 (SIGSEGV), si_code: 0 (unknown), si_addr: 0x0000000000000000

Registers:
RAX=0x00007f853ef091a0, RBX=0x0000700008050218, RCX=0xffffffffffffa73f, RDX=0x0000000000000000
RSP=0x0000700008050020, RBP=0x0000700008050030, RSI=0x00000000ffffa73f, RDI=0x0000700008050218
R8 =0x1ffffffffffff4e0, R9 =0x00007f853ef392c0, R10=0x00000000ffff0000, R11=0x0000000000000600
R12=0x00000000000000a7, R13=0x0000000000000034, R14=0x0000000000000034, R15=0x00007000080500a0
RIP=0x000000010f28ada8, EFLAGS=0x0000000000010a02, ERR=0x0000000000000000
  TRAPNO=0x000000000000000d

Top of Stack: (sp=0x0000700008050020)
0x0000700008050020:   0000700008050218 0000700008050218
0x0000700008050030:   0000700008050090 000000010f28b15b
0x0000700008050040:   0000000112dd76e0 0000000000000000
0x0000700008050050:   000000010f28ad8a 00007000080500a0
0x0000700008050060:   0000700008050090 0000700008050218
0x0000700008050070:   00000000000000a7 0000000000000034
0x0000700008050080:   0000000112dd7601 00007000080500a0
0x0000700008050090:   0000700008050120 000000010f28be7b
0x00007000080500a0:   0000700008050230 0000000112dd76e0
0x00007000080500b0:   00007f854080a000 0000003700000034
0x00007000080500c0:   000000a700000047 000000a712dd0000
0x00007000080500d0:   0000000000000000 0000004700000000
0x00007000080500e0:   0000000112dd76e0 00007f854080a000
0x00007000080500f0:   0000000112dd76e0 00007f854080a000
0x0000700008050100:   0000000112dd76e0 0000000112dd76e0
0x0000700008050110:   0000700008050218 0000000112dd76e0
0x0000700008050120:   00007000080501b0 000000010f28c0d3
0x0000700008050130:   0000000112de0000 0000000000000000
0x0000700008050140:   0000700008050298 0000000000000000
0x0000700008050150:   0000700008050180 000000010f0d0100
0x0000700008050160:   0000000000000000 0000000000000000
0x0000700008050170:   000000010f288e00 0000700008050298
0x0000700008050180:   0000000112dd76e0 00007f854080a000
0x0000700008050190:   0000000112dd76e0 0000700008050218
0x00007000080501a0:   00007f854080a000 00007f853ef392c0
0x00007000080501b0:   0000700008050200 000000010f486331
0x00007000080501c0:   00007f853ef090c0 00007f853ef090f0
0x00007000080501d0:   00007f853ef09100 00007f853ef094d8
0x00007000080501e0:   00000000000003d8 000000000000000e
0x00007000080501f0:   00007000080503a8 00007f853ef392c0
0x0000700008050200:   0000700008050390 000000010f48653a
0x0000700008050210:   000000010e75ba00 000000010f8df250 

Instructions: (pc=0x000000010f28ada8)
0x000000010f28ad88:   c3 90 55 48 89 e5 53 48 83 ec 08 48 8b 87 90 00
0x000000010f28ad98:   00 00 48 63 ce 49 89 c8 49 83 e0 c0 49 c1 e8 03
0x000000010f28ada8:   4a 8b 04 00 48 0f a3 f0 72 17 48 89 fb 48 8d 7b
0x000000010f28adb8:   70 ba 01 00 00 00 48 89 ce e8 48 be e4 ff ff 43 

Register to memory mapping:

RAX=0x00007f853ef091a0 is an unknown value
RBX=0x0000700008050218 is an unknown value
RCX=0xffffffffffffa73f is an unknown value
RDX=0x0000000000000000 is an unknown value
RSP=0x0000700008050020 is an unknown value
RBP=0x0000700008050030 is an unknown value
RSI=0x00000000ffffa73f is an unknown value
RDI=0x0000700008050218 is an unknown value
R8 =0x1ffffffffffff4e0 is an unknown value
R9 =0x00007f853ef392c0 is an unknown value
R10=0x00000000ffff0000 is an unknown value
R11=0x0000000000000600 is an unknown value
R12=0x00000000000000a7 is an unknown value
R13=0x0000000000000034 is an unknown value
R14=0x0000000000000034 is an unknown value
R15=0x00007000080500a0 is an unknown value


Stack: [0x0000700007f51000,0x0000700008051000],  sp=0x0000700008050020,  free space=1020k
Native frames: (J=compiled Java code, j=interpreted, Vv=VM code, C=native code)
V  [libjvm.dylib+0x28ada8]
V  [libjvm.dylib+0x28b15b]
V  [libjvm.dylib+0x28be7b]
V  [libjvm.dylib+0x28c0d3]
V  [libjvm.dylib+0x486331]
V  [libjvm.dylib+0x48653a]
V  [libjvm.dylib+0x48671b]
V  [libjvm.dylib+0x4869d2]
V  [libjvm.dylib+0x2c3a00]
V  [libjvm.dylib+0x45405d]
V  [libjvm.dylib+0x24cec4]
V  [libjvm.dylib+0x571910]
V  [libjvm.dylib+0x4cf6fc]
V  [libjvm.dylib+0x279377]
V  [libjvm.dylib+0x48f3ca]
C  [libsystem_pthread.dylib+0x393b]  _pthread_body+0xb4
C  [libsystem_pthread.dylib+0x3887]  _pthread_body+0x0
C  [libsystem_pthread.dylib+0x308d]  thread_start+0xd

JavaThread 0x00007f853f009000 (nid = 7171) was being processed
Java frames: (J=compiled Java code, j=interpreted, Vv=VM code)
j  java.io.FileInputStream.readBytes([BII)I+0
j  java.io.FileInputStream.read([BII)I+4
j  java.io.BufferedInputStream.read1([BII)I+39
j  java.io.BufferedInputStream.read([BII)I+49
j  sun.nio.cs.StreamDecoder.readBytes()I+135
j  sun.nio.cs.StreamDecoder.implRead([CII)I+112
j  sun.nio.cs.StreamDecoder.read([CII)I+180
j  java.io.InputStreamReader.read([CII)I+7
j  java.io.Reader.read(Ljava/nio/CharBuffer;)I+13
j  java.util.Scanner.readInput()V+70
j  java.util.Scanner.hasNext(Ljava/util/regex/Pattern;)Z+56
j  java.util.Scanner.hasNextInt(I)Z+10
j  java.util.Scanner.hasNextInt()Z+5
j  AdventureStory.promptInt(Ljava/util/Scanner;Ljava/lang/String;II)I+14
j  AdventureStory.main([Ljava/lang/String;)V+260
v  ~StubRoutines::call_stub

---------------  P R O C E S S  ---------------

Java Threads: ( => current thread )
  0x00007f8540831000 JavaThread "Service Thread" daemon [_thread_blocked, id=20227, stack(0x0000700008b75000,0x0000700008c75000)]
  0x00007f85400ac000 JavaThread "C1 CompilerThread2" daemon [_thread_blocked, id=19715, stack(0x0000700008a72000,0x0000700008b72000)]
  0x00007f85400ab800 JavaThread "C2 CompilerThread1" daemon [_thread_blocked, id=19203, stack(0x000070000896f000,0x0000700008a6f000)]
  0x00007f85400aa800 JavaThread "C2 CompilerThread0" daemon [_thread_blocked, id=18691, stack(0x000070000886c000,0x000070000896c000)]
  0x00007f854003a800 JavaThread "JDWP Command Reader" daemon [_thread_in_native, id=18179, stack(0x0000700008769000,0x0000700008869000)]
  0x00007f853f81c000 JavaThread "JDWP Event Helper Thread" daemon [_thread_blocked, id=17667, stack(0x0000700008666000,0x0000700008766000)]
  0x00007f853f826000 JavaThread "JDWP Transport Listener: dt_socket" daemon [_thread_blocked, id=17155, stack(0x0000700008563000,0x0000700008663000)]
  0x00007f853f80d000 JavaThread "Signal Dispatcher" daemon [_thread_blocked, id=16643, stack(0x0000700008460000,0x0000700008560000)]
  0x00007f854082e000 JavaThread "Finalizer" daemon [_thread_blocked, id=12547, stack(0x000070000835d000,0x000070000845d000)]
  0x00007f854082d800 JavaThread "Reference Handler" daemon [_thread_blocked, id=12035, stack(0x000070000825a000,0x000070000835a000)]
  0x00007f853f009000 JavaThread "main" [_thread_in_native, id=7171, stack(0x0000700007c48000,0x0000700007d48000)]

Other Threads:
  0x00007f853f015000 VMThread [stack: 0x0000700008157000,0x0000700008257000] [id=11523]
  0x00007f853f003000 WatcherThread [stack: 0x0000700008c78000,0x0000700008d78000] [id=20739]

=>0x00007f854080a000 (exited) GCTaskThread [stack: 0x0000700007f51000,0x0000700008051000] [id=10499]

VM state:at safepoint (normal execution)

VM Mutex/Monitor currently owned by a thread:  ([mutex/lock_event])
[0x00007f853ef01b80] Threads_lock - owner thread: 0x00007f853f015000
[0x00007f853ef02080] Heap_lock - owner thread: 0x00007f853f826000

heap address: 0x0000000780000000, size: 1024 MB, Compressed Oops mode: Zero based, Oop shift amount: 3
Narrow klass base: 0x0000000000000000, Narrow klass shift: 3
Compressed class space size: 1073741824 Address: 0x00000007c0000000

Heap:
 PSYoungGen      total 18944K, used 16384K [0x00000007aab00000, 0x00000007ac000000, 0x00000007c0000000)
  eden space 16384K, 100% used [0x00000007aab00000,0x00000007abb00000,0x00000007abb00000)
  from space 2560K, 0% used [0x00000007abd80000,0x00000007abd80000,0x00000007ac000000)
  to   space 2560K, 16% used [0x00000007abb00000,0x00000007abb68020,0x00000007abd80000)
 ParOldGen       total 44032K, used 8K [0x0000000780000000, 0x0000000782b00000, 0x00000007aab00000)
  object space 44032K, 0% used [0x0000000780000000,0x0000000780002000,0x0000000782b00000)
 Metaspace       used 7221K, capacity 7314K, committed 7424K, reserved 1056768K
  class space    used 643K, capacity 689K, committed 768K, reserved 1048576K

Card table byte_map: [0x000000011042d000,0x000000011062e000] byte_map_base: 0x000000010c82d000

Marking Bits: (ParMarkBitMap*) 0x000000010f8fbe40
 Begin Bits: [0x0000000110784000, 0x0000000111784000)
 End Bits:   [0x0000000111784000, 0x0000000112784000)

Polling page: 0x000000010e7fd000

CodeCache: size=245760Kb used=3298Kb max_used=3330Kb free=242461Kb
 bounds [0x000000011a14f000, 0x000000011a4af000, 0x000000012914f000]
 total_blobs=627 nmethods=324 adapters=225
 compilation: enabled

Compilation events (10 events):
Event: 30545.936 Thread 0x00007f85400ab800 nmethod 325 0x000000011a35bed0 code [0x000000011a35c200, 0x000000011a35e388]
Event: 34606.311 Thread 0x00007f85400aa800  326       4       org.eclipse.jdt.launching.internal.org.objectweb.asm.ClassReader::readVerificationTypeInfo (184 bytes)
Event: 34606.379 Thread 0x00007f85400aa800 nmethod 326 0x000000011a3601d0 code [0x000000011a360440, 0x000000011a361468]
Event: 34876.451 Thread 0x00007f85400ab800  327       4       org.eclipse.jdt.launching.internal.org.objectweb.asm.ByteVector::putInt (74 bytes)
Event: 34876.454 Thread 0x00007f85400ab800 nmethod 327 0x000000011a367190 code [0x000000011a3672e0, 0x000000011a367478]
Event: 35290.290 Thread 0x00007f85400ab800  328       4       org.eclipse.jdt.launching.internal.org.objectweb.asm.ClassReader::readStackMapFrame (535 bytes)
Event: 35290.334 Thread 0x00007f85400ab800 nmethod 328 0x000000011a365810 code [0x000000011a3659e0, 0x000000011a366930]
Event: 35372.809 Thread 0x00007f85400aa800  329       4       org.eclipse.jdt.launching.internal.org.objectweb.asm.MethodWriter::visitFrame (787 bytes)
Event: 35372.951 Thread 0x00007f85400aa800 nmethod 329 0x000000011a442f50 code [0x000000011a443480, 0x000000011a4484f0]
Event: 36313.470 Thread 0x00007f85400ac000  330       1       java.security.CodeSource::getLocation (5 bytes)

GC Heap History (1 events):
Event: 36313.477 GC heap before
{Heap before GC invocations=1 (full 0):
 PSYoungGen      total 18944K, used 16384K [0x00000007aab00000, 0x00000007ac000000, 0x00000007c0000000)
  eden space 16384K, 100% used [0x00000007aab00000,0x00000007abb00000,0x00000007abb00000)
  from space 2560K, 0% used [0x00000007abd80000,0x00000007abd80000,0x00000007ac000000)
  to   space 2560K, 0% used [0x00000007abb00000,0x00000007abb00000,0x00000007abd80000)
 ParOldGen       total 44032K, used 0K [0x0000000780000000, 0x0000000782b00000, 0x00000007aab00000)
  object space 44032K, 0% used [0x0000000780000000,0x0000000780000000,0x0000000782b00000)
 Metaspace       used 7221K, capacity 7314K, committed 7424K, reserved 1056768K
  class space    used 643K, capacity 689K, committed 768K, reserved 1048576K

Deoptimization events (1 events):
Event: 15326.822 Thread 0x00007f853f826000 Uncommon trap: reason=unstable_if action=reinterpret pc=0x000000011a3b5398 method=org.eclipse.jdt.launching.internal.org.objectweb.asm.ClassReader.readCode(Lorg/eclipse/jdt/launching/internal/org/objectweb/asm/MethodVisitor;Lorg/eclipse/jdt/launching/inte

Classes redefined (10 events):
Event: 23327.865 Thread 0x00007f853f015000 redefined class name=AdventureStory, count=38
Event: 23665.961 Thread 0x00007f853f015000 redefined class name=AdventureStory, count=39
Event: 23719.164 Thread 0x00007f853f015000 redefined class name=AdventureStory, count=40
Event: 24560.379 Thread 0x00007f853f015000 redefined class name=AdventureStory, count=41
Event: 26023.957 Thread 0x00007f853f015000 redefined class name=AdventureStory, count=42
Event: 29305.627 Thread 0x00007f853f015000 redefined class name=AdventureStory, count=43
Event: 29725.591 Thread 0x00007f853f015000 redefined class name=AdventureStory, count=44
Event: 30545.800 Thread 0x00007f853f015000 redefined class name=AdventureStory, count=45
Event: 30614.055 Thread 0x00007f853f015000 redefined class name=AdventureStory, count=46
Event: 30631.071 Thread 0x00007f853f015000 redefined class name=AdventureStory, count=47

Internal exceptions (6 events):
Event: 0.049 Thread 0x00007f853f009000 Exception <a 'java/lang/NoSuchMethodError': Method sun.misc.Unsafe.defineClass(Ljava/lang/String;[BII)Ljava/lang/Class; name or signature does not match> (0x00000007aab07cb0) thrown at [/Users/java_re/workspace/8-2-build-macosx-x86_64/jdk8u201/12322/hotsp
Event: 0.049 Thread 0x00007f853f009000 Exception <a 'java/lang/NoSuchMethodError': Method sun.misc.Unsafe.prefetchRead(Ljava/lang/Object;J)V name or signature does not match> (0x00000007aab07f98) thrown at [/Users/java_re/workspace/8-2-build-macosx-x86_64/jdk8u201/12322/hotspot/src/share/vm/pr
Event: 0.559 Thread 0x00007f853f009000 Exception <a 'java/security/PrivilegedActionException'> (0x00000007ab08f738) thrown at [/Users/java_re/workspace/8-2-build-macosx-x86_64/jdk8u201/12322/hotspot/src/share/vm/prims/jvm.cpp, line 1502]
Event: 0.559 Thread 0x00007f853f009000 Exception <a 'java/security/PrivilegedActionException'> (0x00000007ab08fb30) thrown at [/Users/java_re/workspace/8-2-build-macosx-x86_64/jdk8u201/12322/hotspot/src/share/vm/prims/jvm.cpp, line 1502]
Event: 0.560 Thread 0x00007f853f009000 Exception <a 'java/security/PrivilegedActionException'> (0x00000007ab093048) thrown at [/Users/java_re/workspace/8-2-build-macosx-x86_64/jdk8u201/12322/hotspot/src/share/vm/prims/jvm.cpp, line 1502]
Event: 0.560 Thread 0x00007f853f009000 Exception <a 'java/security/PrivilegedActionException'> (0x00000007ab093440) thrown at [/Users/java_re/workspace/8-2-build-macosx-x86_64/jdk8u201/12322/hotspot/src/share/vm/prims/jvm.cpp, line 1502]

Events (10 events):
Event: 30614.067 Executing VM operation: ChangeBreakpoints done
Event: 30631.062 Executing VM operation: RedefineClasses
Event: 30631.071 Executing VM operation: RedefineClasses done
Event: 30631.081 Executing VM operation: ChangeBreakpoints
Event: 30631.081 Executing VM operation: ChangeBreakpoints done
Event: 31160.122 Executing VM operation: ChangeBreakpoints
Event: 31160.123 Executing VM operation: ChangeBreakpoints done
Event: 35738.306 Executing VM operation: ChangeBreakpoints
Event: 35738.325 Executing VM operation: ChangeBreakpoints done
Event: 36313.470 Executing VM operation: ParallelGCFailedAllocation


Dynamic libraries:
0x00007fffa8b25000 	/System/Library/Frameworks/Cocoa.framework/Versions/A/Cocoa
0x00007fffaf3c9000 	/System/Library/Frameworks/Security.framework/Versions/A/Security
0x00007fffa79de000 	/System/Library/Frameworks/ApplicationServices.framework/Versions/A/ApplicationServices
0x00007fffbe838000 	/usr/lib/libz.1.dylib
0x00007fffbd337000 	/usr/lib/libSystem.B.dylib
0x00007fffbdfe5000 	/usr/lib/libobjc.A.dylib
0x00007fffa90bb000 	/System/Library/Frameworks/CoreFoundation.framework/Versions/A/CoreFoundation
0x00007fffaab33000 	/System/Library/Frameworks/Foundation.framework/Versions/C/Foundation
0x00007fffa6bf3000 	/System/Library/Frameworks/AppKit.framework/Versions/C/AppKit
0x00007fffa8d11000 	/System/Library/Frameworks/CoreData.framework/Versions/A/CoreData
0x00007fffb9dbc000 	/System/Library/PrivateFrameworks/RemoteViewServices.framework/Versions/A/RemoteViewServices
0x00007fffbbda7000 	/System/Library/PrivateFrameworks/UIFoundation.framework/Versions/A/UIFoundation
0x00007fffb5149000 	/System/Library/PrivateFrameworks/DFRFoundation.framework/Versions/A/DFRFoundation
0x00007fffbd928000 	/usr/lib/libenergytrace.dylib
0x00007fffbabe9000 	/System/Library/PrivateFrameworks/SkyLight.framework/Versions/A/SkyLight
0x00007fffa9555000 	/System/Library/Frameworks/CoreGraphics.framework/Versions/A/CoreGraphics
0x00007fffbd332000 	/usr/lib/libScreenReader.dylib
0x00007fffa5c15000 	/System/Library/Frameworks/Accelerate.framework/Versions/A/Accelerate
0x00007fffab131000 	/System/Library/Frameworks/IOSurface.framework/Versions/A/IOSurface
0x00007fffa7f01000 	/System/Library/Frameworks/AudioToolbox.framework/Versions/A/AudioToolbox
0x00007fffa810e000 	/System/Library/Frameworks/AudioUnit.framework/Versions/A/AudioUnit
0x00007fffb518e000 	/System/Library/PrivateFrameworks/DataDetectorsCore.framework/Versions/A/DataDetectorsCore
0x00007fffb527f000 	/System/Library/PrivateFrameworks/DesktopServicesPriv.framework/Versions/A/DesktopServicesPriv
0x00007fffa8672000 	/System/Library/Frameworks/Carbon.framework/Versions/A/Frameworks/HIToolbox.framework/Versions/A/HIToolbox
0x00007fffbda31000 	/usr/lib/libicucore.A.dylib
0x00007fffaec60000 	/System/Library/Frameworks/QuartzCore.framework/Versions/A/QuartzCore
0x00007fffa8a3e000 	/System/Library/Frameworks/Carbon.framework/Versions/A/Frameworks/SpeechRecognition.framework/Versions/A/SpeechRecognition
0x00007fffbd450000 	/usr/lib/libauto.dylib
0x00007fffbe71e000 	/usr/lib/libxml2.2.dylib
0x00007fffb4e03000 	/System/Library/PrivateFrameworks/CoreUI.framework/Versions/A/CoreUI
0x00007fffa8c6f000 	/System/Library/Frameworks/CoreAudio.framework/Versions/A/CoreAudio
0x00007fffaa99c000 	/System/Library/Frameworks/DiskArbitration.framework/Versions/A/DiskArbitration
0x00007fffbdc5c000 	/usr/lib/liblangid.dylib
0x00007fffb8ca3000 	/System/Library/PrivateFrameworks/MultitouchSupport.framework/Versions/A/MultitouchSupport
0x00007fffab09a000 	/System/Library/Frameworks/IOKit.framework/Versions/A/IOKit
0x00007fffbd0f8000 	/usr/lib/libDiagnosticMessagesClient.dylib
0x00007fffa9f80000 	/System/Library/Frameworks/CoreServices.framework/Versions/A/CoreServices
0x00007fffb9660000 	/System/Library/PrivateFrameworks/PerformanceAnalysis.framework/Versions/A/PerformanceAnalysis
0x00007fffb70d1000 	/System/Library/PrivateFrameworks/GenerationalStorage.framework/Versions/A/GenerationalStorage
0x00007fffae100000 	/System/Library/Frameworks/OpenGL.framework/Versions/A/OpenGL
0x00007fffa9bd8000 	/System/Library/Frameworks/CoreImage.framework/Versions/A/CoreImage
0x00007fffaa6a9000 	/System/Library/Frameworks/CoreText.framework/Versions/A/CoreText
0x00007fffab18a000 	/System/Library/Frameworks/ImageIO.framework/Versions/A/ImageIO
0x00007fffb29c0000 	/System/Library/PrivateFrameworks/Backup.framework/Versions/A/Backup
0x00007fffbd3a4000 	/usr/lib/libarchive.2.dylib
0x00007fffa8277000 	/System/Library/Frameworks/CFNetwork.framework/Versions/A/CFNetwork
0x00007fffafaf6000 	/System/Library/Frameworks/SystemConfiguration.framework/Versions/A/SystemConfiguration
0x00007fffbd03f000 	/usr/lib/libCRFSuite.dylib
0x00007fffbd471000 	/usr/lib/libc++.1.dylib
0x00007fffbd4c8000 	/usr/lib/libc++abi.dylib
0x00007fffbe858000 	/usr/lib/system/libcache.dylib
0x00007fffbe85d000 	/usr/lib/system/libcommonCrypto.dylib
0x00007fffbe868000 	/usr/lib/system/libcompiler_rt.dylib
0x00007fffbe870000 	/usr/lib/system/libcopyfile.dylib
0x00007fffbe879000 	/usr/lib/system/libcorecrypto.dylib
0x00007fffbe8fd000 	/usr/lib/system/libdispatch.dylib
0x00007fffbe92f000 	/usr/lib/system/libdyld.dylib
0x00007fffbe935000 	/usr/lib/system/libkeymgr.dylib
0x00007fffbe943000 	/usr/lib/system/liblaunch.dylib
0x00007fffbe944000 	/usr/lib/system/libmacho.dylib
0x00007fffbe94a000 	/usr/lib/system/libquarantine.dylib
0x00007fffbe94d000 	/usr/lib/system/libremovefile.dylib
0x00007fffbe94f000 	/usr/lib/system/libsystem_asl.dylib
0x00007fffbe968000 	/usr/lib/system/libsystem_blocks.dylib
0x00007fffbe969000 	/usr/lib/system/libsystem_c.dylib
0x00007fffbe9f7000 	/usr/lib/system/libsystem_configuration.dylib
0x00007fffbe9fb000 	/usr/lib/system/libsystem_coreservices.dylib
0x00007fffbe9ff000 	/usr/lib/system/libsystem_coretls.dylib
0x00007fffbea18000 	/usr/lib/system/libsystem_dnssd.dylib
0x00007fffbea1f000 	/usr/lib/system/libsystem_info.dylib
0x00007fffbea49000 	/usr/lib/system/libsystem_kernel.dylib
0x00007fffbea6c000 	/usr/lib/system/libsystem_m.dylib
0x00007fffbeab4000 	/usr/lib/system/libsystem_malloc.dylib
0x00007fffbead3000 	/usr/lib/system/libsystem_network.dylib
0x00007fffbeb2d000 	/usr/lib/system/libsystem_networkextension.dylib
0x00007fffbeb37000 	/usr/lib/system/libsystem_notify.dylib
0x00007fffbeb41000 	/usr/lib/system/libsystem_platform.dylib
0x00007fffbeb4a000 	/usr/lib/system/libsystem_pthread.dylib
0x00007fffbeb55000 	/usr/lib/system/libsystem_sandbox.dylib
0x00007fffbeb59000 	/usr/lib/system/libsystem_secinit.dylib
0x00007fffbeb5b000 	/usr/lib/system/libsystem_symptoms.dylib
0x00007fffbeb63000 	/usr/lib/system/libsystem_trace.dylib
0x00007fffbeb77000 	/usr/lib/system/libunwind.dylib
0x00007fffbeb7d000 	/usr/lib/system/libxpc.dylib
0x00007fffbd451000 	/usr/lib/libbsm.0.dylib
0x00007fffbe936000 	/usr/lib/system/libkxld.dylib
0x00007fffbd51a000 	/usr/lib/libcoretls.dylib
0x00007fffbd51b000 	/usr/lib/libcoretls_cfhelpers.dylib
0x00007fffbd331000 	/usr/lib/libOpenScriptingUtil.dylib
0x00007fffbe3ba000 	/usr/lib/libpam.2.dylib
0x00007fffbe479000 	/usr/lib/libsqlite3.dylib
0x00007fffbe710000 	/usr/lib/libxar.1.dylib
0x00007fffbd462000 	/usr/lib/libbz2.1.0.dylib
0x00007fffbdc5e000 	/usr/lib/liblzma.5.dylib
0x00007fffbdf6a000 	/usr/lib/libnetwork.dylib
0x00007fffbe3bf000 	/usr/lib/libpcap.A.dylib
0x00007fffaa2e3000 	/System/Library/Frameworks/CoreServices.framework/Versions/A/Frameworks/FSEvents.framework/Versions/A/FSEvents
0x00007fffa9fd3000 	/System/Library/Frameworks/CoreServices.framework/Versions/A/Frameworks/CarbonCore.framework/Versions/A/CarbonCore
0x00007fffaa459000 	/System/Library/Frameworks/CoreServices.framework/Versions/A/Frameworks/Metadata.framework/Versions/A/Metadata
0x00007fffaa50a000 	/System/Library/Frameworks/CoreServices.framework/Versions/A/Frameworks/OSServices.framework/Versions/A/OSServices
0x00007fffaa56a000 	/System/Library/Frameworks/CoreServices.framework/Versions/A/Frameworks/SearchKit.framework/Versions/A/SearchKit
0x00007fffa9f81000 	/System/Library/Frameworks/CoreServices.framework/Versions/A/Frameworks/AE.framework/Versions/A/AE
0x00007fffaa2ec000 	/System/Library/Frameworks/CoreServices.framework/Versions/A/Frameworks/LaunchServices.framework/Versions/A/LaunchServices
0x00007fffaa2af000 	/System/Library/Frameworks/CoreServices.framework/Versions/A/Frameworks/DictionaryServices.framework/Versions/A/DictionaryServices
0x00007fffaa5db000 	/System/Library/Frameworks/CoreServices.framework/Versions/A/Frameworks/SharedFileList.framework/Versions/A/SharedFileList
0x00007fffad324000 	/System/Library/Frameworks/NetFS.framework/Versions/A/NetFS
0x00007fffb8d7d000 	/System/Library/PrivateFrameworks/NetAuth.framework/Versions/A/NetAuth
0x00007fffbcfe8000 	/System/Library/PrivateFrameworks/login.framework/Versions/A/Frameworks/loginsupport.framework/Versions/A/loginsupport
0x00007fffbbbd9000 	/System/Library/PrivateFrameworks/TCC.framework/Versions/A/TCC
0x00007fffbdc8f000 	/usr/lib/libmecabra.dylib
0x00007fffa79df000 	/System/Library/Frameworks/ApplicationServices.framework/Versions/A/Frameworks/ATS.framework/Versions/A/ATS
0x00007fffa7d5e000 	/System/Library/Frameworks/ApplicationServices.framework/Versions/A/Frameworks/ColorSync.framework/Versions/A/ColorSync
0x00007fffa7e09000 	/System/Library/Frameworks/ApplicationServices.framework/Versions/A/Frameworks/HIServices.framework/Versions/A/HIServices
0x00007fffa7e5b000 	/System/Library/Frameworks/ApplicationServices.framework/Versions/A/Frameworks/LangAnalysis.framework/Versions/A/LangAnalysis
0x00007fffa7e6b000 	/System/Library/Frameworks/ApplicationServices.framework/Versions/A/Frameworks/PrintCore.framework/Versions/A/PrintCore
0x00007fffa7eb9000 	/System/Library/Frameworks/ApplicationServices.framework/Versions/A/Frameworks/QD.framework/Versions/A/QD
0x00007fffa7ef5000 	/System/Library/Frameworks/ApplicationServices.framework/Versions/A/Frameworks/SpeechSynthesis.framework/Versions/A/SpeechSynthesis
0x00007fffa5c2e000 	/System/Library/Frameworks/Accelerate.framework/Versions/A/Frameworks/vImage.framework/Versions/A/vImage
0x00007fffa6934000 	/System/Library/Frameworks/Accelerate.framework/Versions/A/Frameworks/vecLib.framework/Versions/A/vecLib
0x00007fffa66f9000 	/System/Library/Frameworks/Accelerate.framework/Versions/A/Frameworks/vecLib.framework/Versions/A/libvDSP.dylib
0x00007fffa62ba000 	/System/Library/Frameworks/Accelerate.framework/Versions/A/Frameworks/vecLib.framework/Versions/A/libBNNS.dylib
0x00007fffa66dd000 	/System/Library/Frameworks/Accelerate.framework/Versions/A/Frameworks/vecLib.framework/Versions/A/libQuadrature.dylib
0x00007fffa6881000 	/System/Library/Frameworks/Accelerate.framework/Versions/A/Frameworks/vecLib.framework/Versions/A/libvMisc.dylib
0x00007fffa62cf000 	/System/Library/Frameworks/Accelerate.framework/Versions/A/Frameworks/vecLib.framework/Versions/A/libLAPACK.dylib
0x00007fffa6148000 	/System/Library/Frameworks/Accelerate.framework/Versions/A/Frameworks/vecLib.framework/Versions/A/libBLAS.dylib
0x00007fffa66c6000 	/System/Library/Frameworks/Accelerate.framework/Versions/A/Frameworks/vecLib.framework/Versions/A/libLinearAlgebra.dylib
0x00007fffa66e4000 	/System/Library/Frameworks/Accelerate.framework/Versions/A/Frameworks/vecLib.framework/Versions/A/libSparseBLAS.dylib
0x00007fffa7ae7000 	/System/Library/Frameworks/ApplicationServices.framework/Versions/A/Frameworks/ATS.framework/Versions/A/Resources/libFontParser.dylib
0x00007fffa7c17000 	/System/Library/Frameworks/ApplicationServices.framework/Versions/A/Frameworks/ATS.framework/Versions/A/Resources/libFontRegistry.dylib
0x00007fffab3e1000 	/System/Library/Frameworks/ImageIO.framework/Versions/A/Resources/libJPEG.dylib
0x00007fffab430000 	/System/Library/Frameworks/ImageIO.framework/Versions/A/Resources/libTIFF.dylib
0x00007fffab405000 	/System/Library/Frameworks/ImageIO.framework/Versions/A/Resources/libPng.dylib
0x00007fffab2eb000 	/System/Library/Frameworks/ImageIO.framework/Versions/A/Resources/libGIF.dylib
0x00007fffab2f0000 	/System/Library/Frameworks/ImageIO.framework/Versions/A/Resources/libJP2.dylib
0x00007fffab42d000 	/System/Library/Frameworks/ImageIO.framework/Versions/A/Resources/libRadiance.dylib
0x00007fffbd503000 	/usr/lib/libcompression.dylib
0x00007fffb2502000 	/System/Library/PrivateFrameworks/AppleJPEG.framework/Versions/A/AppleJPEG
0x00007fffbd858000 	/usr/lib/libcups.2.dylib
0x00007fffac1e7000 	/System/Library/Frameworks/Kerberos.framework/Versions/A/Kerberos
0x00007fffaaf05000 	/System/Library/Frameworks/GSS.framework/Versions/A/GSS
0x00007fffbe40d000 	/usr/lib/libresolv.9.dylib
0x00007fffbd93e000 	/usr/lib/libiconv.2.dylib
0x00007fffb77fe000 	/System/Library/PrivateFrameworks/Heimdal.framework/Versions/A/Heimdal
0x00007fffbd938000 	/usr/lib/libheimdal-asn1.dylib
0x00007fffad575000 	/System/Library/Frameworks/OpenDirectory.framework/Versions/A/OpenDirectory
0x00007fffb4015000 	/System/Library/PrivateFrameworks/CommonAuth.framework/Versions/A/CommonAuth
0x00007fffad55b000 	/System/Library/Frameworks/OpenDirectory.framework/Versions/A/Frameworks/CFOpenDirectory.framework/Versions/A/CFOpenDirectory
0x00007fffaf6cc000 	/System/Library/Frameworks/SecurityFoundation.framework/Versions/A/SecurityFoundation
0x00007fffb7fb6000 	/System/Library/PrivateFrameworks/LanguageModeling.framework/Versions/A/LanguageModeling
0x00007fffbdc78000 	/usr/lib/libmarisa.dylib
0x00007fffbd05b000 	/usr/lib/libChineseTokenizer.dylib
0x00007fffbd4f2000 	/usr/lib/libcmph.dylib
0x00007fffb4767000 	/System/Library/PrivateFrameworks/CoreEmoji.framework/Versions/A/CoreEmoji
0x00007fffaf76c000 	/System/Library/Frameworks/ServiceManagement.framework/Versions/A/ServiceManagement
0x00007fffbe80e000 	/usr/lib/libxslt.1.dylib
0x00007fffa8986000 	/System/Library/Frameworks/Carbon.framework/Versions/A/Frameworks/Ink.framework/Versions/A/Ink
0x00007fffbbc6b000 	/System/Library/PrivateFrameworks/TextureIO.framework/Versions/A/TextureIO
0x00007fffac9e0000 	/System/Library/Frameworks/Metal.framework/Versions/A/Metal
0x00007fffbd3d0000 	/usr/lib/libate.dylib
0x00007fffb6e00000 	/System/Library/PrivateFrameworks/GPUCompiler.framework/libmetal_timestamp.dylib
0x00007fffad584000 	/System/Library/Frameworks/OpenGL.framework/Versions/A/Libraries/libCoreFSCache.dylib
0x00007fffb7e8f000 	/System/Library/PrivateFrameworks/IOAccelerator.framework/Versions/A/IOAccelerator
0x00007fffaa7f7000 	/System/Library/Frameworks/CoreVideo.framework/Versions/A/CoreVideo
0x00007fffbd0fa000 	/usr/lib/libFosl_dynamic.dylib
0x00007fffb8a8e000 	/System/Library/PrivateFrameworks/MetalPerformanceShaders.framework/Versions/A/MetalPerformanceShaders
0x00007fffb5678000 	/System/Library/PrivateFrameworks/FaceCore.framework/Versions/A/FaceCore
0x00007fffad50c000 	/System/Library/Frameworks/OpenCL.framework/Versions/A/OpenCL
0x00007fffad757000 	/System/Library/Frameworks/OpenGL.framework/Versions/A/Libraries/libGLU.dylib
0x00007fffad58d000 	/System/Library/Frameworks/OpenGL.framework/Versions/A/Libraries/libGFXShared.dylib
0x00007fffad597000 	/System/Library/Frameworks/OpenGL.framework/Versions/A/Libraries/libGL.dylib
0x00007fffad5a3000 	/System/Library/Frameworks/OpenGL.framework/Versions/A/Libraries/libGLImage.dylib
0x00007fffad581000 	/System/Library/Frameworks/OpenGL.framework/Versions/A/Libraries/libCVMSPluginSupport.dylib
0x00007fffad588000 	/System/Library/Frameworks/OpenGL.framework/Versions/A/Libraries/libCoreVMClient.dylib
0x00007fffb50c9000 	/System/Library/PrivateFrameworks/CrashReporterSupport.framework/Versions/A/CrashReporterSupport
0x00007fffbab3b000 	/System/Library/PrivateFrameworks/Sharing.framework/Versions/A/Sharing
0x00007fffb7ead000 	/System/Library/PrivateFrameworks/IconServices.framework/Versions/A/IconServices
0x00007fffb9d89000 	/System/Library/PrivateFrameworks/ProtocolBuffer.framework/Versions/A/ProtocolBuffer
0x00007fffb23e6000 	/System/Library/PrivateFrameworks/Apple80211.framework/Versions/A/Apple80211
0x00007fffaa82d000 	/System/Library/Frameworks/CoreWLAN.framework/Versions/A/CoreWLAN
0x00007fffb4f43000 	/System/Library/PrivateFrameworks/CoreUtils.framework/Versions/A/CoreUtils
0x00007fffaaff6000 	/System/Library/Frameworks/IOBluetooth.framework/Versions/A/IOBluetooth
0x00007fffb5063000 	/System/Library/PrivateFrameworks/CoreWiFi.framework/Versions/A/CoreWiFi
0x00007fffa8cfd000 	/System/Library/Frameworks/CoreBluetooth.framework/Versions/A/CoreBluetooth
0x00007fffa900d000 	/System/Library/Frameworks/CoreDisplay.framework/Versions/A/CoreDisplay
0x00007fffb7e98000 	/System/Library/PrivateFrameworks/IOPresentment.framework/Versions/A/IOPresentment
0x00007fffb5154000 	/System/Library/PrivateFrameworks/DSExternalDisplay.framework/Versions/A/DSExternalDisplay
0x00007fffb523f000 	/System/Library/PrivateFrameworks/DebugSymbols.framework/Versions/A/DebugSymbols
0x00007fffb4d73000 	/System/Library/PrivateFrameworks/CoreSymbolication.framework/Versions/A/CoreSymbolication
0x00007fffbb726000 	/System/Library/PrivateFrameworks/Symbolication.framework/Versions/A/Symbolication
0x00007fffb2409000 	/System/Library/PrivateFrameworks/AppleFSCompression.framework/Versions/A/AppleFSCompression
0x00007fffbb02e000 	/System/Library/PrivateFrameworks/SpeechRecognitionCore.framework/Versions/A/SpeechRecognitionCore
0x00007fffb36c9000 	/System/Library/PrivateFrameworks/ChunkingLibrary.framework/Versions/A/ChunkingLibrary
0x000000010f000000 	/Library/Java/JavaVirtualMachines/jdk1.8.0_201.jdk/Contents/Home/jre/lib/server/libjvm.dylib
0x00007fffbe677000 	/usr/lib/libstdc++.6.dylib
0x000000010e7b9000 	/Library/Java/JavaVirtualMachines/jdk1.8.0_201.jdk/Contents/Home/jre/lib/libverify.dylib
0x000000010e7c7000 	/Library/Java/JavaVirtualMachines/jdk1.8.0_201.jdk/Contents/Home/jre/lib/libjava.dylib
0x000000010ffb9000 	/Library/Java/JavaVirtualMachines/jdk1.8.0_201.jdk/Contents/Home/jre/lib/libjdwp.dylib
0x0000000110004000 	/Library/Java/JavaVirtualMachines/jdk1.8.0_201.jdk/Contents/Home/jre/lib/libnpt.dylib
0x0000000110008000 	/Library/Java/JavaVirtualMachines/jdk1.8.0_201.jdk/Contents/Home/jre/lib/libinstrument.dylib
0x0000000110064000 	/Library/Java/JavaVirtualMachines/jdk1.8.0_201.jdk/Contents/Home/jre/lib/libzip.dylib
0x0000000115d42000 	/Library/Java/JavaVirtualMachines/jdk1.8.0_201.jdk/Contents/Home/jre/lib/libdt_socket.dylib
0x0000000115ec2000 	/Library/Java/JavaVirtualMachines/jdk1.8.0_201.jdk/Contents/Home/jre/lib/libnet.dylib
0x0000000115f21000 	/Library/Java/JavaVirtualMachines/jdk1.8.0_201.jdk/Contents/Home/jre/lib/libnio.dylib

VM Arguments:
jvm_args: -agentlib:jdwp=transport=dt_socket,suspend=y,address=localhost:54052 -javaagent:/Applications/Eclipse.app/Contents/Eclipse/configuration/org.eclipse.osgi/215/0/.cp/lib/javaagent-shaded.jar -Dfile.encoding=UTF-8 
java_command: AdventureStory
java_class_path (initial): /Users/manjitmann/Desktop/gg/AdventureStory/bin:/Applications/Eclipse.app/Contents/Eclipse/configuration/org.eclipse.osgi/215/0/.cp/lib/javaagent-shaded.jar
Launcher Type: SUN_STANDARD

Environment Variables:
PATH=/usr/bin:/bin:/usr/sbin:/sbin
SHELL=/bin/bash

Signal Handlers:
SIGSEGV: [libjvm.dylib+0x5b723d], sa_mask[0]=11111111011111110111111111111111, sa_flags=SA_ONSTACK|SA_RESTART|SA_SIGINFO
SIGBUS: [libjvm.dylib+0x5b723d], sa_mask[0]=11111111011111110111111111111111, sa_flags=SA_RESTART|SA_SIGINFO
SIGFPE: [libjvm.dylib+0x48c9bc], sa_mask[0]=11111111011111110111111111111111, sa_flags=SA_RESTART|SA_SIGINFO
SIGPIPE: [libjvm.dylib+0x48c9bc], sa_mask[0]=11111111011111110111111111111111, sa_flags=SA_RESTART|SA_SIGINFO
SIGXFSZ: [libjvm.dylib+0x48c9bc], sa_mask[0]=11111111011111110111111111111111, sa_flags=SA_RESTART|SA_SIGINFO
SIGILL: [libjvm.dylib+0x48c9bc], sa_mask[0]=11111111011111110111111111111111, sa_flags=SA_RESTART|SA_SIGINFO
SIGUSR1: SIG_DFL, sa_mask[0]=00000000000000000000000000000000, sa_flags=none
SIGUSR2: [libjvm.dylib+0x48c4da], sa_mask[0]=00100000000000000000000000000000, sa_flags=SA_RESTART|SA_SIGINFO
SIGHUP: [libjvm.dylib+0x48aa65], sa_mask[0]=11111111011111110111111111111111, sa_flags=SA_RESTART|SA_SIGINFO
SIGINT: [libjvm.dylib+0x48aa65], sa_mask[0]=11111111011111110111111111111111, sa_flags=SA_RESTART|SA_SIGINFO
SIGTERM: [libjvm.dylib+0x48aa65], sa_mask[0]=11111111011111110111111111111111, sa_flags=SA_RESTART|SA_SIGINFO
SIGQUIT: [libjvm.dylib+0x48aa65], sa_mask[0]=11111111011111110111111111111111, sa_flags=SA_RESTART|SA_SIGINFO


---------------  S Y S T E M  ---------------

OS:Bsduname:Darwin 16.7.0 Darwin Kernel Version 16.7.0: Mon Nov 13 21:56:25 PST 2017; root:xnu-3789.72.11~1/RELEASE_X86_64 x86_64
rlimit: STACK 8192k, CORE 0k, NPROC 709, NOFILE 10240, AS infinity
load average:4.26 3.55 3.53

CPU:total 4 (initial active 4) (2 cores per cpu, 2 threads per core) family 6 model 69 stepping 1, cmov, cx8, fxsr, mmx, sse, sse2, sse3, ssse3, sse4.1, sse4.2, popcnt, avx, avx2, aes, clmul, erms, lzcnt, ht, tsc, tscinvbit, bmi1, bmi2

Memory: 4k page, physical 4194304k(15400k free)

/proc/meminfo:


vm_info: Java HotSpot(TM) 64-Bit Server VM (25.201-b09) for bsd-amd64 JRE (1.8.0_201-b09), built on Dec 15 2018 18:35:23 by "java_re" with gcc 4.2.1 (Based on Apple Inc. build 5658) (LLVM build 2336.11.00)

time: Thu Apr 25 16:50:51 2019
timezone: CDT
elapsed time: 36313 seconds (0d 10h 5m 13s)

